<?xml version="1.0" encoding="UTF-8"?>
<testng-results ignored="0" total="1" passed="1" failed="0" skipped="0">
  <reporter-output>
  </reporter-output>
  <suite started-at="2024-08-29T16:29:11 SAST" name="Default suite" finished-at="2024-08-29T16:29:36 SAST" duration-ms="25130">
    <groups>
      <group name="cucumber">
        <method signature="AbstractTestNGCucumberTests.runScenario(io.cucumber.testng.PickleWrapper,io.cucumber.testng.FeatureWrapper)[pri:0, instance:runnerPackage.TestRunnerCustomer360@5f049ea1]" name="runScenario" class="io.cucumber.testng.AbstractTestNGCucumberTests"/>
      </group> <!-- cucumber -->
    </groups>
    <test started-at="2024-08-29T16:29:11 SAST" name="Default test" finished-at="2024-08-29T16:29:36 SAST" duration-ms="25130">
      <class name="runnerPackage.TestRunnerCustomer360">
        <test-method is-config="true" signature="setUpClass(org.testng.ITestContext)[pri:0, instance:runnerPackage.TestRunnerCustomer360@5f049ea1]" started-at="2024-08-29T16:29:11 SAST" name="setUpClass" finished-at="2024-08-29T16:29:12 SAST" duration-ms="636" status="PASS">
          <params>
            <param index="0">
              <value>
                <![CDATA[org.testng.TestRunner@25aeb5ac]]>
              </value>
            </param>
          </params>
          <reporter-output>
          </reporter-output>
        </test-method> <!-- setUpClass -->
        <test-method signature="runScenario(io.cucumber.testng.PickleWrapper,io.cucumber.testng.FeatureWrapper)[pri:0, instance:runnerPackage.TestRunnerCustomer360@5f049ea1]" started-at="2024-08-29T16:29:12 SAST" name="runScenario" description="Runs Cucumber Scenarios" data-provider="scenarios" finished-at="2024-08-29T16:29:36 SAST" duration-ms="24427" status="PASS">
          <params>
            <param index="0">
              <value>
                <![CDATA["Check loginis successful with valid creds"]]>
              </value>
            </param>
            <param index="1">
              <value>
                <![CDATA["Login page automation of demo app"]]>
              </value>
            </param>
          </params>
          <reporter-output>
          </reporter-output>
        </test-method> <!-- runScenario -->
        <test-method is-config="true" signature="tearDownClass()[pri:0, instance:runnerPackage.TestRunnerCustomer360@5f049ea1]" started-at="2024-08-29T16:29:36 SAST" name="tearDownClass" finished-at="2024-08-29T16:29:36 SAST" duration-ms="18" status="PASS">
          <reporter-output>
          </reporter-output>
        </test-method> <!-- tearDownClass -->
      </class> <!-- runnerPackage.TestRunnerCustomer360 -->
    </test> <!-- Default test -->
  </suite> <!-- Default suite -->
</testng-results>
